<?xml version="1.0" encoding="UTF-8"?>
<testng-results ignored="0" total="5" passed="5" failed="0" skipped="0">
  <reporter-output>
  </reporter-output>
  <suite started-at="2020-11-11T13:20:54 IST" name="Suite" finished-at="2020-11-11T13:21:03 IST" duration-ms="8393">
    <groups>
    </groups>
    <test started-at="2020-11-11T13:20:54 IST" name="Test" finished-at="2020-11-11T13:21:03 IST" duration-ms="8393">
      <class name="com.maresk.testcases.TC001">
        <test-method is-config="true" signature="Setup()[pri:0, instance:com.maresk.testcases.TC001@4e91d63f]" started-at="2020-11-11T13:20:32 IST" name="Setup" finished-at="2020-11-11T13:20:54 IST" duration-ms="22585" status="PASS">
          <reporter-output>
          </reporter-output>
        </test-method> <!-- Setup -->
        <test-method signature="VerifyHomePage()[pri:1, instance:com.maresk.testcases.TC001@4e91d63f]" started-at="2020-11-11T13:20:54 IST" name="VerifyHomePage" finished-at="2020-11-11T13:20:55 IST" duration-ms="335" status="PASS">
          <reporter-output>
          </reporter-output>
        </test-method> <!-- VerifyHomePage -->
        <test-method signature="Validate_DepartureCityList()[pri:2, instance:com.maresk.testcases.TC001@4e91d63f]" started-at="2020-11-11T13:20:55 IST" name="Validate_DepartureCityList" finished-at="2020-11-11T13:20:55 IST" duration-ms="242" status="PASS">
          <reporter-output>
          </reporter-output>
        </test-method> <!-- Validate_DepartureCityList -->
        <test-method signature="Validate_ArrivalCityList()[pri:3, instance:com.maresk.testcases.TC001@4e91d63f]" started-at="2020-11-11T13:20:55 IST" name="Validate_ArrivalCityList" finished-at="2020-11-11T13:20:55 IST" duration-ms="221" status="PASS">
          <reporter-output>
          </reporter-output>
        </test-method> <!-- Validate_ArrivalCityList -->
        <test-method signature="ValidateSearchFlightResults()[pri:4, instance:com.maresk.testcases.TC001@4e91d63f]" started-at="2020-11-11T13:20:55 IST" name="ValidateSearchFlightResults" finished-at="2020-11-11T13:20:59 IST" duration-ms="3778" status="PASS">
          <reporter-output>
          </reporter-output>
        </test-method> <!-- ValidateSearchFlightResults -->
        <test-method signature="BookFlights()[pri:5, instance:com.maresk.testcases.TC001@4e91d63f]" started-at="2020-11-11T13:20:59 IST" name="BookFlights" finished-at="2020-11-11T13:21:03 IST" duration-ms="3760" status="PASS">
          <reporter-output>
          </reporter-output>
        </test-method> <!-- BookFlights -->
        <test-method is-config="true" signature="teardown()[pri:0, instance:com.maresk.testcases.TC001@4e91d63f]" started-at="2020-11-11T13:21:03 IST" name="teardown" finished-at="2020-11-11T13:21:04 IST" duration-ms="891" status="PASS">
          <reporter-output>
          </reporter-output>
        </test-method> <!-- teardown -->
      </class> <!-- com.maresk.testcases.TC001 -->
    </test> <!-- Test -->
  </suite> <!-- Suite -->
</testng-results>
