<?xml version="1.0" encoding="UTF-8"?>
<!-- Generated by org.testng.reporters.JUnitXMLReporter -->
<testsuite ignored="0" hostname="QATest-1721815" failures="0" tests="5" name="Default test" time="8.42" errors="0" timestamp="2020-11-11T13:05:44 IST">
  <testcase classname="com.maresk.testcases.TC001" name="VerifyHomePage" time="0.103"/>
  <testcase classname="com.maresk.testcases.TC001" name="Validate_DepartureCityList" time="0.217"/>
  <testcase classname="com.maresk.testcases.TC001" name="Validate_ArrivalCityList" time="0.228"/>
  <testcase classname="com.maresk.testcases.TC001" name="ValidateSearchFlightResults" time="3.976"/>
  <testcase classname="com.maresk.testcases.TC001" name="BookFlights" time="3.855"/>
</testsuite> <!-- Default test -->
