<?xml version="1.0" encoding="UTF-8"?>
<!-- Generated by org.testng.reporters.JUnitXMLReporter -->
<testsuite ignored="0" hostname="QATest-1721815" failures="0" tests="5" name="Test" time="8.393" errors="0" timestamp="2020-11-11T13:21:03 IST">
  <testcase classname="com.maresk.testcases.TC001" name="VerifyHomePage" time="0.335"/>
  <testcase classname="com.maresk.testcases.TC001" name="Validate_DepartureCityList" time="0.242"/>
  <testcase classname="com.maresk.testcases.TC001" name="Validate_ArrivalCityList" time="0.221"/>
  <testcase classname="com.maresk.testcases.TC001" name="ValidateSearchFlightResults" time="3.778"/>
  <testcase classname="com.maresk.testcases.TC001" name="BookFlights" time="3.76"/>
</testsuite> <!-- Test -->
